[ 2017-05-10T10:43:31+08:00 ] ::1 /jiaoyu/index.php/Index/login
ERR: 1054:Unknown column 'hao' in 'where clause'
 [ SQL语句 ] : SELECT * FROM `user` WHERE ( username=hao AND userpass=hao ) 

[ 2017-05-10T10:59:59+08:00 ] ::1 /jiaoyu/index.php/Index/jquery-3.2.1.min.js
ERR: 非法操作:jquery-3.2.1.min.js

[ 2017-05-10T11:00:01+08:00 ] ::1 /jiaoyu/index.php/Index/jquery-3.2.1.min.js
ERR: 非法操作:jquery-3.2.1.min.js

[ 2017-05-10T11:00:36+08:00 ] ::1 /jiaoyu/index.php/Index/jquery-3.2.1.min.js
ERR: 非法操作:jquery-3.2.1.min.js

[ 2017-05-10T11:01:58+08:00 ] ::1 /jiaoyu/index.php/Controller/checklogin.php
INFO: [ app_begin ] --START--
INFO: Run Behavior\ReadHtmlCacheBehavior [ RunTime:0.000409s ]
INFO: [ app_begin ] --END-- [ RunTime:0.000805s ]
ERR: 无法加载控制器:Controller

[ 2017-05-10T13:48:06+08:00 ] ::1 /jiaoyu/index.php/Index/checklogin
ERR: 1064:You have an error in your SQL syntax; check the manual that corresponds to your MySQL server version for the right syntax to use near ''hao'' )' at line 1
 [ SQL语句 ] : SELECT * FROM `user` WHERE ( username='hao' AND userpass='hao'' ) 

[ 2017-05-10T13:48:17+08:00 ] ::1 /jiaoyu/index.php/Index/checklogin
ERR: 1064:You have an error in your SQL syntax; check the manual that corresponds to your MySQL server version for the right syntax to use near ''hao'' )' at line 1
 [ SQL语句 ] : SELECT * FROM `user` WHERE ( username='hao' AND userpass='hao'' ) 

[ 2017-05-10T13:50:13+08:00 ] ::1 /jiaoyu/index.php/Index/checklogin
ERR: 1064:You have an error in your SQL syntax; check the manual that corresponds to your MySQL server version for the right syntax to use near ''hao'' )' at line 1
 [ SQL语句 ] : SELECT * FROM `user` WHERE ( username='hao' AND userpass='hao'' ) 

[ 2017-05-10T14:02:15+08:00 ] ::1 /jiaoyu/index.php/Index/checklogin
ERR: 1064:You have an error in your SQL syntax; check the manual that corresponds to your MySQL server version for the right syntax to use near ''hao'' )' at line 1
 [ SQL语句 ] : SELECT * FROM `user` WHERE ( username='hao' AND userpass='hao'' ) 

[ 2017-05-10T14:09:57+08:00 ] ::1 /jiaoyu/index.php/Index/checklogin
ERR: 1064:You have an error in your SQL syntax; check the manual that corresponds to your MySQL server version for the right syntax to use near ''hao'' )' at line 1
 [ SQL语句 ] : SELECT * FROM `user` WHERE ( username='hao' AND userpass='hao'' ) 

[ 2017-05-10T14:10:09+08:00 ] ::1 /jiaoyu/index.php/Index/checklogin
ERR: 1064:You have an error in your SQL syntax; check the manual that corresponds to your MySQL server version for the right syntax to use near ''hao'' )' at line 1
 [ SQL语句 ] : SELECT * FROM `user` WHERE ( username='hao' AND userpass='hao'' ) 

[ 2017-05-10T14:10:42+08:00 ] ::1 /jiaoyu/index.php/Index/checklogin
ERR: 1064:You have an error in your SQL syntax; check the manual that corresponds to your MySQL server version for the right syntax to use near '@''' AND userpass='' )' at line 1
 [ SQL语句 ] : SELECT * FROM `user` WHERE ( username='hao'@''' AND userpass='' ) 

[ 2017-05-10T14:10:51+08:00 ] ::1 /jiaoyu/index.php/Index/checklogin
ERR: 1064:You have an error in your SQL syntax; check the manual that corresponds to your MySQL server version for the right syntax to use near '@''' AND userpass='hao' )' at line 1
 [ SQL语句 ] : SELECT * FROM `user` WHERE ( username='hao'@''' AND userpass='hao' ) 

[ 2017-05-10T14:14:03+08:00 ] ::1 /jiaoyu/index.php/Index/checklogin
ERR: 1406:Data too long for column 'useruniqid' at row 1
 [ SQL语句 ] : UPDATE `user` SET `userstate`='1',`useruniqid`='haoece54d49efb239425fcc6575f4825cab' WHERE ( username='hao' )

